<?xml version="1.0" encoding="UTF-8"?>
<!-- Generated by org.testng.reporters.JUnitReportReporter -->
<testsuite hostname="LongNhat" failures="0" tests="4" name="com.poly.CalculatorTest" time="0.012" errors="0" timestamp="2025-04-09T10:12:45 ICT" skipped="0">
  <testcase classname="com.poly.CalculatorTest" name="testAdd" time="0.009"/>
  <testcase classname="com.poly.CalculatorTest" name="testSubtract" time="0.001"/>
  <testcase classname="com.poly.CalculatorTest" name="testDivideByZero" time="0.001"/>
  <testcase classname="com.poly.CalculatorTest" name="testMultiply" time="0.001"/>
</testsuite> <!-- com.poly.CalculatorTest -->
